<?xml version="1.0" encoding="UTF-8"?>
<testng-results skipped="0" failed="0" total="1" passed="1">
  <reporter-output>
    <line>
      <![CDATA[<html><head><style>table, th, td { border: 1px solid black; border-collapse: collapse;}</style></head><body>]]>
    </line>
    <line>
      <![CDATA[<table><tr><th bgcolor='#00b2b3'><b>Login Status: </th ><td><b>Login Successfull</b></td></tr></table>]]>
    </line>
    <line>
      <![CDATA[<table><tr><th bgcolor='#00b2b3'><b> Number of Objects taken for this Execution: </b></th><td>  1  </td></tr></table></br>]]>
    </line>
    <line>
      <![CDATA[</br><table>]]>
    </line>
    <line>
      <![CDATA[<tr><th bgcolor='#d57676'><b>OBJECT TESTING: </b>Certification</th><td>]]>
    </line>
    <line>
      <![CDATA[<table>]]>
    </line>
    <line>
      <![CDATA[<tr><td>]]>
    </line>
    <line>
      <![CDATA[<table><tr><th bgcolor='#76a1ef'>RECORD TYPE: Internal Certification</th></tr><tr><td>]]>
    </line>
    <line>
      <![CDATA[<table><tr><th bgcolor='#ff6a33'><b>PROFILE: Contract Manager</b></th></tr>]]>
    </line>
    <line>
      <![CDATA[<table><tr bgcolor='#2EB8E6'><th>Fields</th><th>Source (Baseline Excel)  </th><th>Target (Application)  </th><th>Result</th></tr>]]>
    </line>
    <line>
      <![CDATA[<tr><th bgcolor='gray'><b>Activity Code</b></th><td> Editable</td><td>Editable</td><th> <font color='green'><b> PASS </b></font><br/></th></tr>]]>
    </line>
    <line>
      <![CDATA[<tr><th bgcolor='gray'><b>Activity ID</b></th><td> Editable</td><td>Editable</td><th> <font color='green'><b> PASS </b></font><br/></th></tr>]]>
    </line>
    <line>
      <![CDATA[<tr><th bgcolor='gray'><b>Associate ID</b></th><td> Required</td><td>Required</td><th> <font color='green'><b> PASS </b></font><br/></th></tr>]]>
    </line>
    <line>
      <![CDATA[<tr><th bgcolor='gray'><b>Associate Learning Plan</b></th><td> Editable</td><td>Editable</td><th> <font color='green'><b> PASS </b></font><br/></th></tr>]]>
    </line>
    <line>
      <![CDATA[<tr><th bgcolor='gray'><b>Associate Name</b></th><td> Editable</td><td>Editable</td><th> <font color='green'><b> PASS </b></font><br/></th></tr>]]>
    </line>
    <line>
      <![CDATA[<tr><th bgcolor='gray'><b>Base Credit Unit</b></th><td> Editable</td><td>Editable</td><th> <font color='green'><b> PASS </b></font><br/></th></tr>]]>
    </line>
    <line>
      <![CDATA[<tr><th bgcolor='gray'><b>Business Unit</b></th><td> Editable</td><td>Editable</td><th> <font color='green'><b> PASS </b></font><br/></th></tr>]]>
    </line>
    <line>
      <![CDATA[<tr><th bgcolor='gray'><b>Channel Weightage</b></th><td> Editable</td><td>Editable</td><th> <font color='green'><b> PASS </b></font><br/></th></tr>]]>
    </line>
    <line>
      <![CDATA[<tr><th bgcolor='gray'><b>City</b></th><td> Editable</td><td>Editable</td><th> <font color='green'><b> PASS </b></font><br/></th></tr>]]>
    </line>
    <line>
      <![CDATA[<tr><th bgcolor='gray'><b>Client Partner</b></th><td> Editable</td><td>Editable</td><th> <font color='green'><b> PASS </b></font><br/></th></tr>]]>
    </line>
    <line>
      <![CDATA[<tr><th bgcolor='gray'><b>Completion Date</b></th><td> Editable</td><td>Editable</td><th> <font color='green'><b> PASS </b></font><br/></th></tr>]]>
    </line>
    <line>
      <![CDATA[<tr><th bgcolor='gray'><b>Completion Month</b></th><td> Editable</td><td>Editable</td><th> <font color='green'><b> PASS </b></font><br/></th></tr>]]>
    </line>
    <line>
      <![CDATA[<tr><th bgcolor='gray'><b>Completion Status</b></th><td> Editable</td><td>Editable</td><th> <font color='green'><b> PASS </b></font><br/></th></tr>]]>
    </line>
    <line>
      <![CDATA[</tr></table></br>]]>
    </line>
    <line>
      <![CDATA[<table><tr><th bgcolor='green' >Pass Count : 13</th><th bgcolor='red'>Fail Count : 0</th></tr></table></br>]]>
    </line>
    <line>
      <![CDATA[<table><tr><th bgcolor='#ff6a33'><b>PROFILE: Work.com Only User</b></th></tr>]]>
    </line>
    <line>
      <![CDATA[<table><tr bgcolor='#2EB8E6'><th>Fields</th><th>Source (Baseline Excel)  </th><th>Target (Application)  </th><th>Result</th></tr>]]>
    </line>
    <line>
      <![CDATA[<tr><th bgcolor='gray'><b>Activity Code</b></th><td> Editable</td><td>Editable</td><th> <font color='green'><b> PASS </b></font><br/></th></tr>]]>
    </line>
    <line>
      <![CDATA[<tr><th bgcolor='gray'><b>Activity ID</b></th><td> Editable</td><td>Editable</td><th> <font color='green'><b> PASS </b></font><br/></th></tr>]]>
    </line>
    <line>
      <![CDATA[<tr><th bgcolor='gray'><b>Associate ID</b></th><td> Required</td><td>Required</td><th> <font color='green'><b> PASS </b></font><br/></th></tr>]]>
    </line>
    <line>
      <![CDATA[<tr><th bgcolor='gray'><b>Associate Learning Plan</b></th><td> Editable</td><td>Editable</td><th> <font color='green'><b> PASS </b></font><br/></th></tr>]]>
    </line>
    <line>
      <![CDATA[<tr><th bgcolor='gray'><b>Associate Name</b></th><td> Editable</td><td>Editable</td><th> <font color='green'><b> PASS </b></font><br/></th></tr>]]>
    </line>
    <line>
      <![CDATA[<tr><th bgcolor='gray'><b>Base Credit Unit</b></th><td> Editable</td><td>Editable</td><th> <font color='green'><b> PASS </b></font><br/></th></tr>]]>
    </line>
    <line>
      <![CDATA[<tr><th bgcolor='gray'><b>Business Unit</b></th><td> Editable</td><td>Editable</td><th> <font color='green'><b> PASS </b></font><br/></th></tr>]]>
    </line>
    <line>
      <![CDATA[<tr><th bgcolor='gray'><b>Channel Weightage</b></th><td> Editable</td><td>Editable</td><th> <font color='green'><b> PASS </b></font><br/></th></tr>]]>
    </line>
    <line>
      <![CDATA[<tr><th bgcolor='gray'><b>City</b></th><td> Editable</td><td>Editable</td><th> <font color='green'><b> PASS </b></font><br/></th></tr>]]>
    </line>
    <line>
      <![CDATA[<tr><th bgcolor='gray'><b>Client Partner</b></th><td> Editable</td><td>Editable</td><th> <font color='green'><b> PASS </b></font><br/></th></tr>]]>
    </line>
    <line>
      <![CDATA[<tr><th bgcolor='gray'><b>Completion Date</b></th><td> Editable</td><td>Editable</td><th> <font color='green'><b> PASS </b></font><br/></th></tr>]]>
    </line>
    <line>
      <![CDATA[<tr><th bgcolor='gray'><b>Completion Month</b></th><td> Editable</td><td>Editable</td><th> <font color='green'><b> PASS </b></font><br/></th></tr>]]>
    </line>
    <line>
      <![CDATA[<tr><th bgcolor='gray'><b>Completion Status</b></th><td> Editable</td><td>Editable</td><th> <font color='green'><b> PASS </b></font><br/></th></tr>]]>
    </line>
    <line>
      <![CDATA[</tr></table></br>]]>
    </line>
    <line>
      <![CDATA[<table><tr><th bgcolor='green' >Pass Count : 13</th><th bgcolor='red'>Fail Count : 0</th></tr></table></br>]]>
    </line>
    <line>
      <![CDATA[<table><tr><th bgcolor='#ff6a33'><b>PROFILE: Invalid Profile</b></th></tr>]]>
    </line>
    <line>
      <![CDATA[]]>
    </line>
    <line>
      <![CDATA[<table><tr><th><font color='red'><b>ERROR: </b></th><td> Profile (Invalid Profile) not found in the Application </td></tr></table>]]>
    </line>
    <line>
      <![CDATA[</td></tr></table>]]>
    </line>
    <line>
      <![CDATA[<tr><td>]]>
    </line>
    <line>
      <![CDATA[<table><tr><th bgcolor='#76a1ef'>RECORD TYPE: External Certification</th></tr><tr><td>]]>
    </line>
    <line>
      <![CDATA[<table><tr><th bgcolor='#ff6a33'><b>PROFILE: Contract Manager</b></th></tr>]]>
    </line>
    <line>
      <![CDATA[<table><tr bgcolor='#2EB8E6'><th>Fields</th><th>Source (Baseline Excel)  </th><th>Target (Application)  </th><th>Result</th></tr>]]>
    </line>
    <line>
      <![CDATA[<tr><th bgcolor='gray'><b>Activity Code</b></th><td> Editable</td><td>Editable</td><th> <font color='green'><b> PASS </b></font><br/></th></tr>]]>
    </line>
    <line>
      <![CDATA[<tr><th bgcolor='gray'><b>Activity ID</b></th><td> Editable</td><td>Editable</td><th> <font color='green'><b> PASS </b></font><br/></th></tr>]]>
    </line>
    <line>
      <![CDATA[<tr><th bgcolor='gray'><b>Associate ID</b></th><td> Required</td><td>Required</td><th> <font color='green'><b> PASS </b></font><br/></th></tr>]]>
    </line>
    <line>
      <![CDATA[<tr><th bgcolor='gray'><b>Associate Learning Plan</b></th><td> Editable</td><td>Editable</td><th> <font color='green'><b> PASS </b></font><br/></th></tr>]]>
    </line>
    <line>
      <![CDATA[<tr><th bgcolor='gray'><b>Associate Name</b></th><td> Editable</td><td>Editable</td><th> <font color='green'><b> PASS </b></font><br/></th></tr>]]>
    </line>
    <line>
      <![CDATA[<tr><th bgcolor='gray'><b>Base Credit Unit</b></th><td> Editable</td><td>Editable</td><th> <font color='green'><b> PASS </b></font><br/></th></tr>]]>
    </line>
    <line>
      <![CDATA[<tr><th bgcolor='gray'><b>Business Unit</b></th><td> Editable</td><td>Editable</td><th> <font color='green'><b> PASS </b></font><br/></th></tr>]]>
    </line>
    <line>
      <![CDATA[<tr><th bgcolor='gray'><b>Channel Weightage</b></th><td> Editable</td><td>Editable</td><th> <font color='green'><b> PASS </b></font><br/></th></tr>]]>
    </line>
    <line>
      <![CDATA[<tr><th bgcolor='gray'><b>City</b></th><td> Editable</td><td>Editable</td><th> <font color='green'><b> PASS </b></font><br/></th></tr>]]>
    </line>
    <line>
      <![CDATA[<tr><th bgcolor='gray'><b>Client Partner</b></th><td> Editable</td><td>Editable</td><th> <font color='green'><b> PASS </b></font><br/></th></tr>]]>
    </line>
    <line>
      <![CDATA[<tr><th bgcolor='gray'><b>Completion Date</b></th><td> Editable</td><td>Editable</td><th> <font color='green'><b> PASS </b></font><br/></th></tr>]]>
    </line>
    <line>
      <![CDATA[<tr><th bgcolor='gray'><b>Completion Month</b></th><td> Editable</td><td>Editable</td><th> <font color='green'><b> PASS </b></font><br/></th></tr>]]>
    </line>
    <line>
      <![CDATA[<tr><th bgcolor='gray'><b>Completion Status</b></th><td> Editable</td><td>Editable</td><th> <font color='green'><b> PASS </b></font><br/></th></tr>]]>
    </line>
    <line>
      <![CDATA[<tr><th bgcolor='gray'><b>Completion Year</b></th><td> Editable</td><td>Editable</td><th> <font color='green'><b> PASS </b></font><br/></th></tr>]]>
    </line>
    <line>
      <![CDATA[<tr><th bgcolor='gray'><b>Course Code</b></th><td> Editable</td><td>Editable</td><th> <font color='green'><b> PASS </b></font><br/></th></tr>]]>
    </line>
    <line>
      <![CDATA[<tr><th bgcolor='gray'><b>Course Delivery Method</b></th><td> Editable</td><td>Editable</td><th> <font color='green'><b> PASS </b></font><br/></th></tr>]]>
    </line>
    <line>
      <![CDATA[<tr><th bgcolor='gray'><b>Course ID</b></th><td> Editable</td><td>Editable</td><th> <font color='green'><b> PASS </b></font><br/></th></tr>]]>
    </line>
    <line>
      <![CDATA[<tr><th bgcolor='gray'><b>Course Level</b></th><td> Editable</td><td>Editable</td><th> <font color='green'><b> PASS </b></font><br/></th></tr>]]>
    </line>
    <line>
      <![CDATA[<tr><th bgcolor='gray'><b>Course Name</b></th><td> Editable</td><td>Editable</td><th> <font color='green'><b> PASS </b></font><br/></th></tr>]]>
    </line>
    <line>
      <![CDATA[<tr><th bgcolor='gray'><b>Created By</b></th><td> Read-Only</td><td>Read-Only</td><th> <font color='green'><b> PASS </b></font><br/></th></tr>]]>
    </line>
    <line>
      <![CDATA[<tr><th bgcolor='gray'><b>Customer ID</b></th><td> Editable</td><td>Editable</td><th> <font color='green'><b> PASS </b></font><br/></th></tr>]]>
    </line>
    <line>
      <![CDATA[<tr><th bgcolor='gray'><b>Customer Name</b></th><td> Editable</td><td>Editable</td><th> <font color='green'><b> PASS </b></font><br/></th></tr>]]>
    </line>
    <line>
      <![CDATA[<tr><th bgcolor='gray'><b>Exam Date</b></th><td> Editable</td><td>Editable</td><th> <font color='green'><b> PASS </b></font><br/></th></tr>]]>
    </line>
    <line>
      <![CDATA[<tr><th bgcolor='gray'><b>Geography</b></th><td> Editable</td><td>Editable</td><th> <font color='green'><b> PASS </b></font><br/></th></tr>]]>
    </line>
    <line>
      <![CDATA[<tr><th bgcolor='gray'><b>Grade</b></th><td> Editable</td><td>Editable</td><th> <font color='green'><b> PASS </b></font><br/></th></tr>]]>
    </line>
    <line>
      <![CDATA[<tr><th bgcolor='gray'><b>Group</b></th><td> Editable</td><td>Editable</td><th> <font color='green'><b> PASS </b></font><br/></th></tr>]]>
    </line>
    <line>
      <![CDATA[</tr></table></br>]]>
    </line>
    <line>
      <![CDATA[<table><tr><th bgcolor='green' >Pass Count : 26</th><th bgcolor='red'>Fail Count : 0</th></tr></table></br>]]>
    </line>
    <line>
      <![CDATA[<table><tr><th bgcolor='#ff6a33'><b>PROFILE: Work.com Only User</b></th></tr>]]>
    </line>
    <line>
      <![CDATA[<table><tr bgcolor='#2EB8E6'><th>Fields</th><th>Source (Baseline Excel)  </th><th>Target (Application)  </th><th>Result</th></tr>]]>
    </line>
    <line>
      <![CDATA[<tr><th bgcolor='gray'><b>Activity Code</b></th><td> Editable</td><td>Editable</td><th> <font color='green'><b> PASS </b></font><br/></th></tr>]]>
    </line>
    <line>
      <![CDATA[<tr><th bgcolor='gray'><b>Activity ID</b></th><td> Editable</td><td>Editable</td><th> <font color='green'><b> PASS </b></font><br/></th></tr>]]>
    </line>
    <line>
      <![CDATA[<tr><th bgcolor='gray'><b>Associate ID</b></th><td> Required</td><td>Required</td><th> <font color='green'><b> PASS </b></font><br/></th></tr>]]>
    </line>
    <line>
      <![CDATA[<tr><th bgcolor='gray'><b>Associate Learning Plan</b></th><td> Editable</td><td>Editable</td><th> <font color='green'><b> PASS </b></font><br/></th></tr>]]>
    </line>
    <line>
      <![CDATA[<tr><th bgcolor='gray'><b>Associate Name</b></th><td> Editable</td><td>Editable</td><th> <font color='green'><b> PASS </b></font><br/></th></tr>]]>
    </line>
    <line>
      <![CDATA[<tr><th bgcolor='gray'><b>Base Credit Unit</b></th><td> Editable</td><td>Editable</td><th> <font color='green'><b> PASS </b></font><br/></th></tr>]]>
    </line>
    <line>
      <![CDATA[<tr><th bgcolor='gray'><b>Business Unit</b></th><td> Editable</td><td>Editable</td><th> <font color='green'><b> PASS </b></font><br/></th></tr>]]>
    </line>
    <line>
      <![CDATA[<tr><th bgcolor='gray'><b>Channel Weightage</b></th><td> Editable</td><td>Editable</td><th> <font color='green'><b> PASS </b></font><br/></th></tr>]]>
    </line>
    <line>
      <![CDATA[<tr><th bgcolor='gray'><b>City</b></th><td> Editable</td><td>Editable</td><th> <font color='green'><b> PASS </b></font><br/></th></tr>]]>
    </line>
    <line>
      <![CDATA[<tr><th bgcolor='gray'><b>Client Partner</b></th><td> Editable</td><td>Editable</td><th> <font color='green'><b> PASS </b></font><br/></th></tr>]]>
    </line>
    <line>
      <![CDATA[<tr><th bgcolor='gray'><b>Completion Date</b></th><td> Editable</td><td>Editable</td><th> <font color='green'><b> PASS </b></font><br/></th></tr>]]>
    </line>
    <line>
      <![CDATA[<tr><th bgcolor='gray'><b>Completion Month</b></th><td> Editable</td><td>Editable</td><th> <font color='green'><b> PASS </b></font><br/></th></tr>]]>
    </line>
    <line>
      <![CDATA[<tr><th bgcolor='gray'><b>Completion Status</b></th><td> Editable</td><td>Editable</td><th> <font color='green'><b> PASS </b></font><br/></th></tr>]]>
    </line>
    <line>
      <![CDATA[<tr><th bgcolor='gray'><b>Completion Year</b></th><td> Editable</td><td>Editable</td><th> <font color='green'><b> PASS </b></font><br/></th></tr>]]>
    </line>
    <line>
      <![CDATA[<tr><th bgcolor='gray'><b>Course Code</b></th><td> Editable</td><td>Editable</td><th> <font color='green'><b> PASS </b></font><br/></th></tr>]]>
    </line>
    <line>
      <![CDATA[<tr><th bgcolor='gray'><b>Course Delivery Method</b></th><td> Editable</td><td>Editable</td><th> <font color='green'><b> PASS </b></font><br/></th></tr>]]>
    </line>
    <line>
      <![CDATA[<tr><th bgcolor='gray'><b>Course ID</b></th><td> Editable</td><td>Editable</td><th> <font color='green'><b> PASS </b></font><br/></th></tr>]]>
    </line>
    <line>
      <![CDATA[<tr><th bgcolor='gray'><b>Course Level</b></th><td> Editable</td><td>Editable</td><th> <font color='green'><b> PASS </b></font><br/></th></tr>]]>
    </line>
    <line>
      <![CDATA[<tr><th bgcolor='gray'><b>Course Name</b></th><td> Editable</td><td>Editable</td><th> <font color='green'><b> PASS </b></font><br/></th></tr>]]>
    </line>
    <line>
      <![CDATA[<tr><th bgcolor='gray'><b>Created By</b></th><td> Read-Only</td><td>Read-Only</td><th> <font color='green'><b> PASS </b></font><br/></th></tr>]]>
    </line>
    <line>
      <![CDATA[<tr><th bgcolor='gray'><b>Customer ID</b></th><td> Editable</td><td>Editable</td><th> <font color='green'><b> PASS </b></font><br/></th></tr>]]>
    </line>
    <line>
      <![CDATA[<tr><th bgcolor='gray'><b>Customer Name</b></th><td> Editable</td><td>Editable</td><th> <font color='green'><b> PASS </b></font><br/></th></tr>]]>
    </line>
    <line>
      <![CDATA[<tr><th bgcolor='gray'><b>Exam Date</b></th><td> Editable</td><td>Editable</td><th> <font color='green'><b> PASS </b></font><br/></th></tr>]]>
    </line>
    <line>
      <![CDATA[<tr><th bgcolor='gray'><b>Geography</b></th><td> Editable</td><td>Editable</td><th> <font color='green'><b> PASS </b></font><br/></th></tr>]]>
    </line>
    <line>
      <![CDATA[<tr><th bgcolor='gray'><b>Grade</b></th><td> Editable</td><td>Editable</td><th> <font color='green'><b> PASS </b></font><br/></th></tr>]]>
    </line>
    <line>
      <![CDATA[<tr><th bgcolor='gray'><b>Group</b></th><td> Editable</td><td>Editable</td><th> <font color='green'><b> PASS </b></font><br/></th></tr>]]>
    </line>
    <line>
      <![CDATA[</tr></table></br>]]>
    </line>
    <line>
      <![CDATA[<table><tr><th bgcolor='green' >Pass Count : 26</th><th bgcolor='red'>Fail Count : 0</th></tr></table></br>]]>
    </line>
    <line>
      <![CDATA[<table><tr><th bgcolor='#ff6a33'><b>PROFILE: Invalid Profile</b></th></tr>]]>
    </line>
    <line>
      <![CDATA[]]>
    </line>
    <line>
      <![CDATA[<table><tr><th><font color='red'><b>ERROR: </b></th><td> Profile (Invalid Profile) not found in the Application </td></tr></table>]]>
    </line>
    <line>
      <![CDATA[</td></tr></table>]]>
    </line>
    <line>
      <![CDATA[<tr><td>]]>
    </line>
    <line>
      <![CDATA[<table><tr><th bgcolor='#76a1ef'>RECORD TYPE: Invalid Record Type</th></tr><tr><td>]]>
    </line>
    <line>
      <![CDATA[]]>
    </line>
    <line>
      <![CDATA[<table><tr><th><font color='red'><b>ERROR: </b></th><td> Record Type (Invalid Record Type) not found in the Application </td></tr></table></br>]]>
    </line>
    <line>
      <![CDATA[</td></tr></table>]]>
    </line>
    <line>
      <![CDATA[</table>]]>
    </line>
    <line>
      <![CDATA[</td></table>]]>
    </line>
    <line>
      <![CDATA[</td></table>]]>
    </line>
    <line>
      <![CDATA[</body></html>]]>
    </line>
  </reporter-output>
  <suite name="Command line suite" duration-ms="103988" started-at="2015-12-26T11:52:42Z" finished-at="2015-12-26T11:54:26Z">
    <groups>
    </groups>
    <test name="Command line test" duration-ms="103988" started-at="2015-12-26T11:52:42Z" finished-at="2015-12-26T11:54:26Z">
      <class name="com.email.scripts.GetFieldsAcceble">
        <test-method status="PASS" signature="preCondition()[pri:0, instance:com.email.scripts.GetFieldsAcceble@16f65612]" name="preCondition" is-config="true" duration-ms="2800" started-at="2015-12-26T17:22:42Z" finished-at="2015-12-26T17:22:45Z">
          <reporter-output>
          </reporter-output>
        </test-method> <!-- preCondition -->
        <test-method status="PASS" signature="getFields()[pri:0, instance:com.email.scripts.GetFieldsAcceble@16f65612]" name="getFields" duration-ms="99447" started-at="2015-12-26T17:22:45Z" finished-at="2015-12-26T17:24:25Z">
          <reporter-output>
            <line>
              <![CDATA[<html><head><style>table, th, td { border: 1px solid black; border-collapse: collapse;}</style></head><body>]]>
            </line>
            <line>
              <![CDATA[<table><tr><th bgcolor='#00b2b3'><b>Login Status: </th ><td><b>Login Successfull</b></td></tr></table>]]>
            </line>
            <line>
              <![CDATA[<table><tr><th bgcolor='#00b2b3'><b> Number of Objects taken for this Execution: </b></th><td>  1  </td></tr></table></br>]]>
            </line>
            <line>
              <![CDATA[</br><table>]]>
            </line>
            <line>
              <![CDATA[<tr><th bgcolor='#d57676'><b>OBJECT TESTING: </b>Certification</th><td>]]>
            </line>
            <line>
              <![CDATA[<table>]]>
            </line>
            <line>
              <![CDATA[<tr><td>]]>
            </line>
            <line>
              <![CDATA[<table><tr><th bgcolor='#76a1ef'>RECORD TYPE: Internal Certification</th></tr><tr><td>]]>
            </line>
            <line>
              <![CDATA[<table><tr><th bgcolor='#ff6a33'><b>PROFILE: Contract Manager</b></th></tr>]]>
            </line>
            <line>
              <![CDATA[<table><tr bgcolor='#2EB8E6'><th>Fields</th><th>Source (Baseline Excel)  </th><th>Target (Application)  </th><th>Result</th></tr>]]>
            </line>
            <line>
              <![CDATA[<tr><th bgcolor='gray'><b>Activity Code</b></th><td> Editable</td><td>Editable</td><th> <font color='green'><b> PASS </b></font><br/></th></tr>]]>
            </line>
            <line>
              <![CDATA[<tr><th bgcolor='gray'><b>Activity ID</b></th><td> Editable</td><td>Editable</td><th> <font color='green'><b> PASS </b></font><br/></th></tr>]]>
            </line>
            <line>
              <![CDATA[<tr><th bgcolor='gray'><b>Associate ID</b></th><td> Required</td><td>Required</td><th> <font color='green'><b> PASS </b></font><br/></th></tr>]]>
            </line>
            <line>
              <![CDATA[<tr><th bgcolor='gray'><b>Associate Learning Plan</b></th><td> Editable</td><td>Editable</td><th> <font color='green'><b> PASS </b></font><br/></th></tr>]]>
            </line>
            <line>
              <![CDATA[<tr><th bgcolor='gray'><b>Associate Name</b></th><td> Editable</td><td>Editable</td><th> <font color='green'><b> PASS </b></font><br/></th></tr>]]>
            </line>
            <line>
              <![CDATA[<tr><th bgcolor='gray'><b>Base Credit Unit</b></th><td> Editable</td><td>Editable</td><th> <font color='green'><b> PASS </b></font><br/></th></tr>]]>
            </line>
            <line>
              <![CDATA[<tr><th bgcolor='gray'><b>Business Unit</b></th><td> Editable</td><td>Editable</td><th> <font color='green'><b> PASS </b></font><br/></th></tr>]]>
            </line>
            <line>
              <![CDATA[<tr><th bgcolor='gray'><b>Channel Weightage</b></th><td> Editable</td><td>Editable</td><th> <font color='green'><b> PASS </b></font><br/></th></tr>]]>
            </line>
            <line>
              <![CDATA[<tr><th bgcolor='gray'><b>City</b></th><td> Editable</td><td>Editable</td><th> <font color='green'><b> PASS </b></font><br/></th></tr>]]>
            </line>
            <line>
              <![CDATA[<tr><th bgcolor='gray'><b>Client Partner</b></th><td> Editable</td><td>Editable</td><th> <font color='green'><b> PASS </b></font><br/></th></tr>]]>
            </line>
            <line>
              <![CDATA[<tr><th bgcolor='gray'><b>Completion Date</b></th><td> Editable</td><td>Editable</td><th> <font color='green'><b> PASS </b></font><br/></th></tr>]]>
            </line>
            <line>
              <![CDATA[<tr><th bgcolor='gray'><b>Completion Month</b></th><td> Editable</td><td>Editable</td><th> <font color='green'><b> PASS </b></font><br/></th></tr>]]>
            </line>
            <line>
              <![CDATA[<tr><th bgcolor='gray'><b>Completion Status</b></th><td> Editable</td><td>Editable</td><th> <font color='green'><b> PASS </b></font><br/></th></tr>]]>
            </line>
            <line>
              <![CDATA[</tr></table></br>]]>
            </line>
            <line>
              <![CDATA[<table><tr><th bgcolor='green' >Pass Count : 13</th><th bgcolor='red'>Fail Count : 0</th></tr></table></br>]]>
            </line>
            <line>
              <![CDATA[<table><tr><th bgcolor='#ff6a33'><b>PROFILE: Work.com Only User</b></th></tr>]]>
            </line>
            <line>
              <![CDATA[<table><tr bgcolor='#2EB8E6'><th>Fields</th><th>Source (Baseline Excel)  </th><th>Target (Application)  </th><th>Result</th></tr>]]>
            </line>
            <line>
              <![CDATA[<tr><th bgcolor='gray'><b>Activity Code</b></th><td> Editable</td><td>Editable</td><th> <font color='green'><b> PASS </b></font><br/></th></tr>]]>
            </line>
            <line>
              <![CDATA[<tr><th bgcolor='gray'><b>Activity ID</b></th><td> Editable</td><td>Editable</td><th> <font color='green'><b> PASS </b></font><br/></th></tr>]]>
            </line>
            <line>
              <![CDATA[<tr><th bgcolor='gray'><b>Associate ID</b></th><td> Required</td><td>Required</td><th> <font color='green'><b> PASS </b></font><br/></th></tr>]]>
            </line>
            <line>
              <![CDATA[<tr><th bgcolor='gray'><b>Associate Learning Plan</b></th><td> Editable</td><td>Editable</td><th> <font color='green'><b> PASS </b></font><br/></th></tr>]]>
            </line>
            <line>
              <![CDATA[<tr><th bgcolor='gray'><b>Associate Name</b></th><td> Editable</td><td>Editable</td><th> <font color='green'><b> PASS </b></font><br/></th></tr>]]>
            </line>
            <line>
              <![CDATA[<tr><th bgcolor='gray'><b>Base Credit Unit</b></th><td> Editable</td><td>Editable</td><th> <font color='green'><b> PASS </b></font><br/></th></tr>]]>
            </line>
            <line>
              <![CDATA[<tr><th bgcolor='gray'><b>Business Unit</b></th><td> Editable</td><td>Editable</td><th> <font color='green'><b> PASS </b></font><br/></th></tr>]]>
            </line>
            <line>
              <![CDATA[<tr><th bgcolor='gray'><b>Channel Weightage</b></th><td> Editable</td><td>Editable</td><th> <font color='green'><b> PASS </b></font><br/></th></tr>]]>
            </line>
            <line>
              <![CDATA[<tr><th bgcolor='gray'><b>City</b></th><td> Editable</td><td>Editable</td><th> <font color='green'><b> PASS </b></font><br/></th></tr>]]>
            </line>
            <line>
              <![CDATA[<tr><th bgcolor='gray'><b>Client Partner</b></th><td> Editable</td><td>Editable</td><th> <font color='green'><b> PASS </b></font><br/></th></tr>]]>
            </line>
            <line>
              <![CDATA[<tr><th bgcolor='gray'><b>Completion Date</b></th><td> Editable</td><td>Editable</td><th> <font color='green'><b> PASS </b></font><br/></th></tr>]]>
            </line>
            <line>
              <![CDATA[<tr><th bgcolor='gray'><b>Completion Month</b></th><td> Editable</td><td>Editable</td><th> <font color='green'><b> PASS </b></font><br/></th></tr>]]>
            </line>
            <line>
              <![CDATA[<tr><th bgcolor='gray'><b>Completion Status</b></th><td> Editable</td><td>Editable</td><th> <font color='green'><b> PASS </b></font><br/></th></tr>]]>
            </line>
            <line>
              <![CDATA[</tr></table></br>]]>
            </line>
            <line>
              <![CDATA[<table><tr><th bgcolor='green' >Pass Count : 13</th><th bgcolor='red'>Fail Count : 0</th></tr></table></br>]]>
            </line>
            <line>
              <![CDATA[<table><tr><th bgcolor='#ff6a33'><b>PROFILE: Invalid Profile</b></th></tr>]]>
            </line>
            <line>
              <![CDATA[]]>
            </line>
            <line>
              <![CDATA[<table><tr><th><font color='red'><b>ERROR: </b></th><td> Profile (Invalid Profile) not found in the Application </td></tr></table>]]>
            </line>
            <line>
              <![CDATA[</td></tr></table>]]>
            </line>
            <line>
              <![CDATA[<tr><td>]]>
            </line>
            <line>
              <![CDATA[<table><tr><th bgcolor='#76a1ef'>RECORD TYPE: External Certification</th></tr><tr><td>]]>
            </line>
            <line>
              <![CDATA[<table><tr><th bgcolor='#ff6a33'><b>PROFILE: Contract Manager</b></th></tr>]]>
            </line>
            <line>
              <![CDATA[<table><tr bgcolor='#2EB8E6'><th>Fields</th><th>Source (Baseline Excel)  </th><th>Target (Application)  </th><th>Result</th></tr>]]>
            </line>
            <line>
              <![CDATA[<tr><th bgcolor='gray'><b>Activity Code</b></th><td> Editable</td><td>Editable</td><th> <font color='green'><b> PASS </b></font><br/></th></tr>]]>
            </line>
            <line>
              <![CDATA[<tr><th bgcolor='gray'><b>Activity ID</b></th><td> Editable</td><td>Editable</td><th> <font color='green'><b> PASS </b></font><br/></th></tr>]]>
            </line>
            <line>
              <![CDATA[<tr><th bgcolor='gray'><b>Associate ID</b></th><td> Required</td><td>Required</td><th> <font color='green'><b> PASS </b></font><br/></th></tr>]]>
            </line>
            <line>
              <![CDATA[<tr><th bgcolor='gray'><b>Associate Learning Plan</b></th><td> Editable</td><td>Editable</td><th> <font color='green'><b> PASS </b></font><br/></th></tr>]]>
            </line>
            <line>
              <![CDATA[<tr><th bgcolor='gray'><b>Associate Name</b></th><td> Editable</td><td>Editable</td><th> <font color='green'><b> PASS </b></font><br/></th></tr>]]>
            </line>
            <line>
              <![CDATA[<tr><th bgcolor='gray'><b>Base Credit Unit</b></th><td> Editable</td><td>Editable</td><th> <font color='green'><b> PASS </b></font><br/></th></tr>]]>
            </line>
            <line>
              <![CDATA[<tr><th bgcolor='gray'><b>Business Unit</b></th><td> Editable</td><td>Editable</td><th> <font color='green'><b> PASS </b></font><br/></th></tr>]]>
            </line>
            <line>
              <![CDATA[<tr><th bgcolor='gray'><b>Channel Weightage</b></th><td> Editable</td><td>Editable</td><th> <font color='green'><b> PASS </b></font><br/></th></tr>]]>
            </line>
            <line>
              <![CDATA[<tr><th bgcolor='gray'><b>City</b></th><td> Editable</td><td>Editable</td><th> <font color='green'><b> PASS </b></font><br/></th></tr>]]>
            </line>
            <line>
              <![CDATA[<tr><th bgcolor='gray'><b>Client Partner</b></th><td> Editable</td><td>Editable</td><th> <font color='green'><b> PASS </b></font><br/></th></tr>]]>
            </line>
            <line>
              <![CDATA[<tr><th bgcolor='gray'><b>Completion Date</b></th><td> Editable</td><td>Editable</td><th> <font color='green'><b> PASS </b></font><br/></th></tr>]]>
            </line>
            <line>
              <![CDATA[<tr><th bgcolor='gray'><b>Completion Month</b></th><td> Editable</td><td>Editable</td><th> <font color='green'><b> PASS </b></font><br/></th></tr>]]>
            </line>
            <line>
              <![CDATA[<tr><th bgcolor='gray'><b>Completion Status</b></th><td> Editable</td><td>Editable</td><th> <font color='green'><b> PASS </b></font><br/></th></tr>]]>
            </line>
            <line>
              <![CDATA[<tr><th bgcolor='gray'><b>Completion Year</b></th><td> Editable</td><td>Editable</td><th> <font color='green'><b> PASS </b></font><br/></th></tr>]]>
            </line>
            <line>
              <![CDATA[<tr><th bgcolor='gray'><b>Course Code</b></th><td> Editable</td><td>Editable</td><th> <font color='green'><b> PASS </b></font><br/></th></tr>]]>
            </line>
            <line>
              <![CDATA[<tr><th bgcolor='gray'><b>Course Delivery Method</b></th><td> Editable</td><td>Editable</td><th> <font color='green'><b> PASS </b></font><br/></th></tr>]]>
            </line>
            <line>
              <![CDATA[<tr><th bgcolor='gray'><b>Course ID</b></th><td> Editable</td><td>Editable</td><th> <font color='green'><b> PASS </b></font><br/></th></tr>]]>
            </line>
            <line>
              <![CDATA[<tr><th bgcolor='gray'><b>Course Level</b></th><td> Editable</td><td>Editable</td><th> <font color='green'><b> PASS </b></font><br/></th></tr>]]>
            </line>
            <line>
              <![CDATA[<tr><th bgcolor='gray'><b>Course Name</b></th><td> Editable</td><td>Editable</td><th> <font color='green'><b> PASS </b></font><br/></th></tr>]]>
            </line>
            <line>
              <![CDATA[<tr><th bgcolor='gray'><b>Created By</b></th><td> Read-Only</td><td>Read-Only</td><th> <font color='green'><b> PASS </b></font><br/></th></tr>]]>
            </line>
            <line>
              <![CDATA[<tr><th bgcolor='gray'><b>Customer ID</b></th><td> Editable</td><td>Editable</td><th> <font color='green'><b> PASS </b></font><br/></th></tr>]]>
            </line>
            <line>
              <![CDATA[<tr><th bgcolor='gray'><b>Customer Name</b></th><td> Editable</td><td>Editable</td><th> <font color='green'><b> PASS </b></font><br/></th></tr>]]>
            </line>
            <line>
              <![CDATA[<tr><th bgcolor='gray'><b>Exam Date</b></th><td> Editable</td><td>Editable</td><th> <font color='green'><b> PASS </b></font><br/></th></tr>]]>
            </line>
            <line>
              <![CDATA[<tr><th bgcolor='gray'><b>Geography</b></th><td> Editable</td><td>Editable</td><th> <font color='green'><b> PASS </b></font><br/></th></tr>]]>
            </line>
            <line>
              <![CDATA[<tr><th bgcolor='gray'><b>Grade</b></th><td> Editable</td><td>Editable</td><th> <font color='green'><b> PASS </b></font><br/></th></tr>]]>
            </line>
            <line>
              <![CDATA[<tr><th bgcolor='gray'><b>Group</b></th><td> Editable</td><td>Editable</td><th> <font color='green'><b> PASS </b></font><br/></th></tr>]]>
            </line>
            <line>
              <![CDATA[</tr></table></br>]]>
            </line>
            <line>
              <![CDATA[<table><tr><th bgcolor='green' >Pass Count : 26</th><th bgcolor='red'>Fail Count : 0</th></tr></table></br>]]>
            </line>
            <line>
              <![CDATA[<table><tr><th bgcolor='#ff6a33'><b>PROFILE: Work.com Only User</b></th></tr>]]>
            </line>
            <line>
              <![CDATA[<table><tr bgcolor='#2EB8E6'><th>Fields</th><th>Source (Baseline Excel)  </th><th>Target (Application)  </th><th>Result</th></tr>]]>
            </line>
            <line>
              <![CDATA[<tr><th bgcolor='gray'><b>Activity Code</b></th><td> Editable</td><td>Editable</td><th> <font color='green'><b> PASS </b></font><br/></th></tr>]]>
            </line>
            <line>
              <![CDATA[<tr><th bgcolor='gray'><b>Activity ID</b></th><td> Editable</td><td>Editable</td><th> <font color='green'><b> PASS </b></font><br/></th></tr>]]>
            </line>
            <line>
              <![CDATA[<tr><th bgcolor='gray'><b>Associate ID</b></th><td> Required</td><td>Required</td><th> <font color='green'><b> PASS </b></font><br/></th></tr>]]>
            </line>
            <line>
              <![CDATA[<tr><th bgcolor='gray'><b>Associate Learning Plan</b></th><td> Editable</td><td>Editable</td><th> <font color='green'><b> PASS </b></font><br/></th></tr>]]>
            </line>
            <line>
              <![CDATA[<tr><th bgcolor='gray'><b>Associate Name</b></th><td> Editable</td><td>Editable</td><th> <font color='green'><b> PASS </b></font><br/></th></tr>]]>
            </line>
            <line>
              <![CDATA[<tr><th bgcolor='gray'><b>Base Credit Unit</b></th><td> Editable</td><td>Editable</td><th> <font color='green'><b> PASS </b></font><br/></th></tr>]]>
            </line>
            <line>
              <![CDATA[<tr><th bgcolor='gray'><b>Business Unit</b></th><td> Editable</td><td>Editable</td><th> <font color='green'><b> PASS </b></font><br/></th></tr>]]>
            </line>
            <line>
              <![CDATA[<tr><th bgcolor='gray'><b>Channel Weightage</b></th><td> Editable</td><td>Editable</td><th> <font color='green'><b> PASS </b></font><br/></th></tr>]]>
            </line>
            <line>
              <![CDATA[<tr><th bgcolor='gray'><b>City</b></th><td> Editable</td><td>Editable</td><th> <font color='green'><b> PASS </b></font><br/></th></tr>]]>
            </line>
            <line>
              <![CDATA[<tr><th bgcolor='gray'><b>Client Partner</b></th><td> Editable</td><td>Editable</td><th> <font color='green'><b> PASS </b></font><br/></th></tr>]]>
            </line>
            <line>
              <![CDATA[<tr><th bgcolor='gray'><b>Completion Date</b></th><td> Editable</td><td>Editable</td><th> <font color='green'><b> PASS </b></font><br/></th></tr>]]>
            </line>
            <line>
              <![CDATA[<tr><th bgcolor='gray'><b>Completion Month</b></th><td> Editable</td><td>Editable</td><th> <font color='green'><b> PASS </b></font><br/></th></tr>]]>
            </line>
            <line>
              <![CDATA[<tr><th bgcolor='gray'><b>Completion Status</b></th><td> Editable</td><td>Editable</td><th> <font color='green'><b> PASS </b></font><br/></th></tr>]]>
            </line>
            <line>
              <![CDATA[<tr><th bgcolor='gray'><b>Completion Year</b></th><td> Editable</td><td>Editable</td><th> <font color='green'><b> PASS </b></font><br/></th></tr>]]>
            </line>
            <line>
              <![CDATA[<tr><th bgcolor='gray'><b>Course Code</b></th><td> Editable</td><td>Editable</td><th> <font color='green'><b> PASS </b></font><br/></th></tr>]]>
            </line>
            <line>
              <![CDATA[<tr><th bgcolor='gray'><b>Course Delivery Method</b></th><td> Editable</td><td>Editable</td><th> <font color='green'><b> PASS </b></font><br/></th></tr>]]>
            </line>
            <line>
              <![CDATA[<tr><th bgcolor='gray'><b>Course ID</b></th><td> Editable</td><td>Editable</td><th> <font color='green'><b> PASS </b></font><br/></th></tr>]]>
            </line>
            <line>
              <![CDATA[<tr><th bgcolor='gray'><b>Course Level</b></th><td> Editable</td><td>Editable</td><th> <font color='green'><b> PASS </b></font><br/></th></tr>]]>
            </line>
            <line>
              <![CDATA[<tr><th bgcolor='gray'><b>Course Name</b></th><td> Editable</td><td>Editable</td><th> <font color='green'><b> PASS </b></font><br/></th></tr>]]>
            </line>
            <line>
              <![CDATA[<tr><th bgcolor='gray'><b>Created By</b></th><td> Read-Only</td><td>Read-Only</td><th> <font color='green'><b> PASS </b></font><br/></th></tr>]]>
            </line>
            <line>
              <![CDATA[<tr><th bgcolor='gray'><b>Customer ID</b></th><td> Editable</td><td>Editable</td><th> <font color='green'><b> PASS </b></font><br/></th></tr>]]>
            </line>
            <line>
              <![CDATA[<tr><th bgcolor='gray'><b>Customer Name</b></th><td> Editable</td><td>Editable</td><th> <font color='green'><b> PASS </b></font><br/></th></tr>]]>
            </line>
            <line>
              <![CDATA[<tr><th bgcolor='gray'><b>Exam Date</b></th><td> Editable</td><td>Editable</td><th> <font color='green'><b> PASS </b></font><br/></th></tr>]]>
            </line>
            <line>
              <![CDATA[<tr><th bgcolor='gray'><b>Geography</b></th><td> Editable</td><td>Editable</td><th> <font color='green'><b> PASS </b></font><br/></th></tr>]]>
            </line>
            <line>
              <![CDATA[<tr><th bgcolor='gray'><b>Grade</b></th><td> Editable</td><td>Editable</td><th> <font color='green'><b> PASS </b></font><br/></th></tr>]]>
            </line>
            <line>
              <![CDATA[<tr><th bgcolor='gray'><b>Group</b></th><td> Editable</td><td>Editable</td><th> <font color='green'><b> PASS </b></font><br/></th></tr>]]>
            </line>
            <line>
              <![CDATA[</tr></table></br>]]>
            </line>
            <line>
              <![CDATA[<table><tr><th bgcolor='green' >Pass Count : 26</th><th bgcolor='red'>Fail Count : 0</th></tr></table></br>]]>
            </line>
            <line>
              <![CDATA[<table><tr><th bgcolor='#ff6a33'><b>PROFILE: Invalid Profile</b></th></tr>]]>
            </line>
            <line>
              <![CDATA[]]>
            </line>
            <line>
              <![CDATA[<table><tr><th><font color='red'><b>ERROR: </b></th><td> Profile (Invalid Profile) not found in the Application </td></tr></table>]]>
            </line>
            <line>
              <![CDATA[</td></tr></table>]]>
            </line>
            <line>
              <![CDATA[<tr><td>]]>
            </line>
            <line>
              <![CDATA[<table><tr><th bgcolor='#76a1ef'>RECORD TYPE: Invalid Record Type</th></tr><tr><td>]]>
            </line>
            <line>
              <![CDATA[]]>
            </line>
            <line>
              <![CDATA[<table><tr><th><font color='red'><b>ERROR: </b></th><td> Record Type (Invalid Record Type) not found in the Application </td></tr></table></br>]]>
            </line>
            <line>
              <![CDATA[</td></tr></table>]]>
            </line>
            <line>
              <![CDATA[</table>]]>
            </line>
            <line>
              <![CDATA[</td></table>]]>
            </line>
            <line>
              <![CDATA[</td></table>]]>
            </line>
            <line>
              <![CDATA[</body></html>]]>
            </line>
          </reporter-output>
        </test-method> <!-- getFields -->
        <test-method status="PASS" signature="postCondition()[pri:0, instance:com.email.scripts.GetFieldsAcceble@16f65612]" name="postCondition" is-config="true" duration-ms="1724" started-at="2015-12-26T17:24:25Z" finished-at="2015-12-26T17:24:26Z">
          <reporter-output>
          </reporter-output>
        </test-method> <!-- postCondition -->
      </class> <!-- com.email.scripts.GetFieldsAcceble -->
    </test> <!-- Command line test -->
  </suite> <!-- Command line suite -->
</testng-results>
