<?xml version="1.0" encoding="UTF-8"?>
<testng-results skipped="0" failed="1" total="1" passed="0">
  <reporter-output>
    <line>
      <![CDATA[<html><head><style>table, th, td { border: 1px solid black; border-collapse: collapse;}</style></head><body>]]>
    </line>
    <line>
      <![CDATA[<table><tr><th bgcolor='#00b2b3'><b>Login Status: </th ><td><b>Login Successfull</b></td></tr></table>]]>
    </line>
    <line>
      <![CDATA[<table><tr><th bgcolor='#00b2b3'><b> Number of Objects taken for this Execution: </b></th><td>  3  </td></tr></table></br>]]>
    </line>
    <line>
      <![CDATA[</br><table>]]>
    </line>
    <line>
      <![CDATA[<tr><th bgcolor='#d57676'><b>OBJECT TESTING: </b>Case</th><td>]]>
    </line>
  </reporter-output>
  <suite name="Command line suite" duration-ms="42272" started-at="2016-01-13T10:42:50Z" finished-at="2016-01-13T10:43:32Z">
    <groups>
    </groups>
    <test name="Command line test" duration-ms="42272" started-at="2016-01-13T10:42:50Z" finished-at="2016-01-13T10:43:32Z">
      <class name="com.email.scripts.GetFieldsAcceble">
        <test-method status="PASS" signature="preCondition()[pri:0, instance:com.email.scripts.GetFieldsAcceble@90288e]" name="preCondition" is-config="true" duration-ms="3623" started-at="2016-01-13T16:12:50Z" finished-at="2016-01-13T16:12:53Z">
          <reporter-output>
          </reporter-output>
        </test-method> <!-- preCondition -->
        <test-method status="FAIL" signature="getFields()[pri:0, instance:com.email.scripts.GetFieldsAcceble@90288e]" name="getFields" duration-ms="36943" started-at="2016-01-13T16:12:53Z" finished-at="2016-01-13T16:13:30Z">
          <exception class="org.openqa.selenium.NoSuchElementException">
            <message>
              <![CDATA[no such element: Unable to locate element: {"method":"xpath","selector":"//div[@id='userNav-menuItems']/a[contains (text(), 'Setup')]"}
  (Session info: chrome=45.0.2454.99)
  (Driver info: chromedriver=2.20.353145 (343b531d31eeb933ec778dbcf7081628a1396067),platform=Windows NT 6.1 SP1 x86) (WARNING: The server did not provide any stacktrace information)
Command duration or timeout: 10.01 seconds
For documentation on this error, please visit: http://seleniumhq.org/exceptions/no_such_element.html
Build info: version: '2.48.2', revision: '41bccdd', time: '2015-10-09 19:59:12'
System info: host: 'PC202497', ip: '10.229.99.110', os.name: 'Windows 7', os.arch: 'x86', os.version: '6.1', java.version: '1.7.0'
*** Element info: {Using=xpath, value=//div[@id='userNav-menuItems']/a[contains (text(), 'Setup')]}
Session ID: a502e65862487b756f0ef7b889b10018
Driver info: org.openqa.selenium.chrome.ChromeDriver
Capabilities [{platform=XP, acceptSslCerts=true, javascriptEnabled=true, browserName=chrome, chrome={userDataDir=C:\Users\266241\AppData\Local\Temp\scoped_dir21516_13170}, rotatable=false, locationContextEnabled=true, mobileEmulationEnabled=false, version=45.0.2454.99, takesHeapSnapshot=true, cssSelectorsEnabled=true, databaseEnabled=false, handlesAlerts=true, browserConnectionEnabled=false, webStorageEnabled=true, nativeEvents=true, hasTouchScreen=false, applicationCacheEnabled=false, takesScreenshot=true}]]]>
            </message>
            <full-stacktrace>
              <![CDATA[org.openqa.selenium.NoSuchElementException: no such element: Unable to locate element: {"method":"xpath","selector":"//div[@id='userNav-menuItems']/a[contains (text(), 'Setup')]"}
  (Session info: chrome=45.0.2454.99)
  (Driver info: chromedriver=2.20.353145 (343b531d31eeb933ec778dbcf7081628a1396067),platform=Windows NT 6.1 SP1 x86) (WARNING: The server did not provide any stacktrace information)
Command duration or timeout: 10.01 seconds
For documentation on this error, please visit: http://seleniumhq.org/exceptions/no_such_element.html
Build info: version: '2.48.2', revision: '41bccdd', time: '2015-10-09 19:59:12'
System info: host: 'PC202497', ip: '10.229.99.110', os.name: 'Windows 7', os.arch: 'x86', os.version: '6.1', java.version: '1.7.0'
*** Element info: {Using=xpath, value=//div[@id='userNav-menuItems']/a[contains (text(), 'Setup')]}
Session ID: a502e65862487b756f0ef7b889b10018
Driver info: org.openqa.selenium.chrome.ChromeDriver
Capabilities [{platform=XP, acceptSslCerts=true, javascriptEnabled=true, browserName=chrome, chrome={userDataDir=C:\Users\266241\AppData\Local\Temp\scoped_dir21516_13170}, rotatable=false, locationContextEnabled=true, mobileEmulationEnabled=false, version=45.0.2454.99, takesHeapSnapshot=true, cssSelectorsEnabled=true, databaseEnabled=false, handlesAlerts=true, browserConnectionEnabled=false, webStorageEnabled=true, nativeEvents=true, hasTouchScreen=false, applicationCacheEnabled=false, takesScreenshot=true}]
	at sun.reflect.NativeConstructorAccessorImpl.newInstance0(Native Method)
	at sun.reflect.NativeConstructorAccessorImpl.newInstance(Unknown Source)
	at sun.reflect.DelegatingConstructorAccessorImpl.newInstance(Unknown Source)
	at java.lang.reflect.Constructor.newInstance(Unknown Source)
	at org.openqa.selenium.remote.ErrorHandler.createThrowable(ErrorHandler.java:206)
	at org.openqa.selenium.remote.ErrorHandler.throwIfResponseFailed(ErrorHandler.java:158)
	at org.openqa.selenium.remote.RemoteWebDriver.execute(RemoteWebDriver.java:647)
	at org.openqa.selenium.remote.RemoteWebDriver.findElement(RemoteWebDriver.java:353)
	at org.openqa.selenium.remote.RemoteWebDriver.findElementByXPath(RemoteWebDriver.java:490)
	at org.openqa.selenium.By$ByXPath.findElement(By.java:361)
	at org.openqa.selenium.remote.RemoteWebDriver.findElement(RemoteWebDriver.java:345)
	at org.openqa.selenium.support.pagefactory.DefaultElementLocator.findElement(DefaultElementLocator.java:69)
	at org.openqa.selenium.support.pagefactory.internal.LocatingElementHandler.invoke(LocatingElementHandler.java:38)
	at $Proxy7.click(Unknown Source)
	at com.email.pom.gotoFieldAccebility.gotoFieldAaccebilty(gotoFieldAccebility.java:84)
	at com.email.scripts.GetFieldsAcceble.getFields(GetFieldsAcceble.java:65)
	at sun.reflect.NativeMethodAccessorImpl.invoke0(Native Method)
	at sun.reflect.NativeMethodAccessorImpl.invoke(Unknown Source)
	at sun.reflect.DelegatingMethodAccessorImpl.invoke(Unknown Source)
	at java.lang.reflect.Method.invoke(Unknown Source)
	at org.testng.internal.MethodInvocationHelper.invokeMethod(MethodInvocationHelper.java:85)
	at org.testng.internal.Invoker.invokeMethod(Invoker.java:639)
	at org.testng.internal.Invoker.invokeTestMethod(Invoker.java:821)
	at org.testng.internal.Invoker.invokeTestMethods(Invoker.java:1131)
	at org.testng.internal.TestMethodWorker.invokeTestMethods(TestMethodWorker.java:124)
	at org.testng.internal.TestMethodWorker.run(TestMethodWorker.java:108)
	at org.testng.TestRunner.privateRun(TestRunner.java:773)
	at org.testng.TestRunner.run(TestRunner.java:623)
	at org.testng.SuiteRunner.runTest(SuiteRunner.java:357)
	at org.testng.SuiteRunner.runSequentially(SuiteRunner.java:352)
	at org.testng.SuiteRunner.privateRun(SuiteRunner.java:310)
	at org.testng.SuiteRunner.run(SuiteRunner.java:259)
	at org.testng.SuiteRunnerWorker.runSuite(SuiteRunnerWorker.java:52)
	at org.testng.SuiteRunnerWorker.run(SuiteRunnerWorker.java:86)
	at org.testng.TestNG.runSuitesSequentially(TestNG.java:1185)
	at org.testng.TestNG.runSuitesLocally(TestNG.java:1110)
	at org.testng.TestNG.run(TestNG.java:1018)
	at com.email.scripts.SFA_Main.main(SFA_Main.java:32)
]]>
            </full-stacktrace>
          </exception> <!-- org.openqa.selenium.NoSuchElementException -->
          <reporter-output>
            <line>
              <![CDATA[<html><head><style>table, th, td { border: 1px solid black; border-collapse: collapse;}</style></head><body>]]>
            </line>
            <line>
              <![CDATA[<table><tr><th bgcolor='#00b2b3'><b>Login Status: </th ><td><b>Login Successfull</b></td></tr></table>]]>
            </line>
            <line>
              <![CDATA[<table><tr><th bgcolor='#00b2b3'><b> Number of Objects taken for this Execution: </b></th><td>  3  </td></tr></table></br>]]>
            </line>
            <line>
              <![CDATA[</br><table>]]>
            </line>
            <line>
              <![CDATA[<tr><th bgcolor='#d57676'><b>OBJECT TESTING: </b>Case</th><td>]]>
            </line>
          </reporter-output>
        </test-method> <!-- getFields -->
        <test-method status="PASS" signature="postCondition()[pri:0, instance:com.email.scripts.GetFieldsAcceble@90288e]" name="postCondition" is-config="true" duration-ms="1695" started-at="2016-01-13T16:13:30Z" finished-at="2016-01-13T16:13:32Z">
          <reporter-output>
          </reporter-output>
        </test-method> <!-- postCondition -->
      </class> <!-- com.email.scripts.GetFieldsAcceble -->
    </test> <!-- Command line test -->
  </suite> <!-- Command line suite -->
</testng-results>
